<?xml version="1.0" encoding="UTF-8"?>

<!--
    A release represents the act of exposing component to the public.
    The release describes basic informations (who did it, when, why),
    and the details of the single 'Part Release's the release comprises.
-->
<cms:release xmlns:cms="http://www.anritsu.com/CMS/2.9"
             xmlns:xsi="http://www.w3.org/2001/XMLSchema-instance"
             xsi:schemaLocation="http://www.anritsu.com/CMS/2.9 http://rdstorage/artifactory/repo/com/anritsu/cms/2.9/cms-2.9.xsd"
             version="1.0">

    <!-- Basic authoring details -->
    <cms:author>Probes Team</cms:author>
    <cms:contact>QMPA@anritsu.com</cms:contact>
    <cms:date>2017-01-05T10:02:57Z</cms:date>
    
     <cms:tier>Anritsu/MasterClaw/Acquisition</cms:tier>
     <cms:group>Probe</cms:group>
     <cms:arch>x86_64</cms:arch>

    <!-- The list of distribution mailing list.-->
    <cms:distribution-list type="DEVELOP">!_EU-DK MasterClaw Developer</cms:distribution-list>
    <!-- <cms:distribution-list type="RELEASE">_EU-DK MasterClaw Releases</cms:distribution-list> -->

    <!-- Release details -->
    <cms:release-name>qmpa5</cms:release-name>
    <cms:release-version>27.27.27</cms:release-version>


    <!-- Precautions for this release 
    <cms:precaution>When used with eoCapture cards, FBC platform patch 0009+ is needed</cms:precaution>-->

    <!-- List of item releases -->
    <cms:item>
        <cms:name>qmpa5-27.27.27.rpm</cms:name>
        <cms:description>Deployment package for Linux</cms:description>
        <cms:location>http://utmnnfs/quest7-packages/qmpa5/tqr/qmpa5-27.27.27-1.x86_64.rpm</cms:location>
    </cms:item>

    <cms:item>
        <cms:name>qmpa5-27.27.27-rn-v1.doc</cms:name>
        <cms:description>This release note</cms:description>
        <cms:location>http://utmnnfs/quest7-packages/qmpa5/tqr/qmpa5-27.27.27-rn-v01.doc</cms:location>
    </cms:item>

    <cms:item>
        <cms:name>qmpa5-@str.version@-str-v01.doc</cms:name>
        <cms:description>System Test Report</cms:description>
        <cms:location>http://utmnnfs/quest7-packages/qmpa5/tqr/qmpa5-@str.version@-str-v01.doc</cms:location>
    </cms:item>
    <!--
        A part-release identifies a piece of what we are release today in this XML.
    -->
    <cms:part-release>

        <cms:status>NEW</cms:status>
        <!-- NEW, UPDATE, CANCEL -->

        <!-- Purpose values can be:
            <Empty> -> the purpose will be calculated from activities.
            Bug Fixing
            New Features
            Bug Fixing and New Features
        -->
        <cms:purpose></cms:purpose>

        <!--
            Declare the baselines the part release works on
        -->
        <cms:baseline>MasterClaw 8.0</cms:baseline>

        <cms:test-level>1</cms:test-level>

        <cms:reference type="STR" name="System Test Report" docName="qmpa5-@str.version@-str-v01.doc"
                       uri="http://utmnnfs/quest7-packages/qmpa5/qmpa5-@str.version@-str-v01.doc"/>
        <cms:reference type="STS" name="System Test Specification" docName=""
                       uri="http://rddoc/rddoc"/>
        <cms:reference type="MANUAL" name="Probes Installation and Configuration Manual" docName=""
                       uri="http://intranet2.eu.anritsu.com/SBU6/RandD/MasterClaw%20User%20Documentation/Forms/MC7.1.aspx"/> 
                       <!-- uri="http://intranet2.eu.anritsu.com/SBU6/RandD/MasterClaw%20User%20Documentation/Forms/MC7.0.2.aspx"/> -->
        <cms:reference type="RN" name="Release Notes" docName="qmpa5-27.27.27-rn-v1.doc"
                       uri="http://utmnnfs/quest7-packages/qmpa5/qmpa5-27.27.27-rn-v1.doc"/>
        <cms:reference type="QBASE" name="Deployment package for Linux" docName="qmpa5-27.27.27-1.x86_64.rpm"
                       uri="http://utmnnfs/quest7-packages/qmpa5/tqr/qmpa5-27.27.27-1.x86_64.rpm"/> 
        
         <cms:availabilities>
            <cms:global>
                <cms:package>qmpa5 package for Linux platform</cms:package>
                <cms:mc-version>8.0</cms:mc-version>
                <cms:level>TQR</cms:level>
                <cms:risk>High</cms:risk>
            </cms:global>
                    <!-- feature availability, leave in template for future use -->
            <cms:feature>
                <cms:name>ECR 1398: Paging in GB - GB distribution</cms:name>
                <cms:mc-version>7.1</cms:mc-version>
                <cms:level>FCA</cms:level>
                <cms:risk>Medium</cms:risk>
                <cms:reason>Requires further testing</cms:reason>
                
            </cms:feature>
           

        </cms:availabilities>


        <cms:dependencies mc-version="8.0">
            

            <cms:platform-dependency>
                <cms:component>CentOS5.8_x86_64</cms:component>
                <cms:required-version>5.8</cms:required-version>
                <cms:tested-version>Ce6.4 (64b)</cms:tested-version>
                <cms:description>Base OS services (for full functionality including x-commands the Telnet server must be installed and running as well)</cms:description>
                <cms:license></cms:license>
            </cms:platform-dependency>
            
            <cms:platform-dependency>
                <cms:component>CentOS-RHEL_netinstall</cms:component>
                <cms:required-version>7.2</cms:required-version>
                <cms:tested-version>Ce6.4 (64b)</cms:tested-version>
                <cms:description>Base OS services (for full functionality including x-commands the Telnet server must be installed and running as well)</cms:description>
                <cms:license></cms:license>
            </cms:platform-dependency>
            
            <cms:platform-dependency>
                <cms:component>CentOS-RHEL_netinstall</cms:component>
                <cms:required-version>6.4</cms:required-version>
                <cms:tested-version>Ce6.4 (64b)</cms:tested-version>
                <cms:description>Base OS services (for full functionality including x-commands the Telnet server must be installed and running as well)</cms:description>
                <cms:license></cms:license>
            </cms:platform-dependency>
            
            
            
            

            <!--  3rd party dependency 
            <cms:third-part-dependency>
                <cms:component>Junit</cms:component>
                <cms:required-version>4.8.2</cms:required-version>
                <cms:tested-version>4.8.2</cms:tested-version>
                <cms:description>Java testing framework</cms:description>
                <cms:license uri="http://junit.org/license.html">Junit project licence</cms:license>
            </cms:third-part-dependency>
            -->
            
            <cms:local-dependency>
                <cms:component>configtool</cms:component>
                <cms:required-version>5.6.1+</cms:required-version>
                <cms:tested-version>5.7.0</cms:tested-version>
                <cms:required>No</cms:required>
                <cms:description>Configuration software for MC</cms:description>
            </cms:local-dependency>
            <cms:local-dependency>
                <cms:component>deploy-server</cms:component>
                <cms:required-version>6.0.0+</cms:required-version>
                <cms:tested-version>6.0.0</cms:tested-version>
                <cms:required>No</cms:required>
                <cms:description>Deploy server is generic server component that hosts several components used to deploy configuration to various MC systems</cms:description>
            </cms:local-dependency>
            <cms:local-dependency>
                <cms:component>probe-conf</cms:component>
                <cms:required-version>6.0.0+</cms:required-version>
                <cms:tested-version>6.0.0</cms:tested-version>
                <cms:required>No</cms:required>
                <cms:description>Configuration data for MC</cms:description>
            </cms:local-dependency>
            <cms:local-dependency>
                <cms:component>measif</cms:component>
                <cms:required-version>11.0.0+</cms:required-version>
                <cms:tested-version>11.0.0</cms:tested-version>
                <cms:required>No</cms:required>
                <cms:description>MC interface for probes</cms:description>
            </cms:local-dependency>
            <cms:local-dependency>
                <cms:component>probe-sims</cms:component>
                <cms:required-version>5.0.0+</cms:required-version>
                <cms:tested-version>5.1.2</cms:tested-version>
                <cms:required>No</cms:required>
                <cms:description>Signalling input mediators</cms:description>
            </cms:local-dependency>

                        
                        <!-- integrates package -->
             
            <cms:integrates-packages>
                <cms:integrates-packages-name>tmsi_imsi_server</cms:integrates-packages-name>
                <cms:integrates-packages-required-version>27.27.27</cms:integrates-packages-required-version>
                <cms:integrates-packages-tested-version>Description</cms:integrates-packages-tested-version>
                <cms:integrates-packages-description>tag_format</cms:integrates-packages-description>
            </cms:integrates-packages>
            
        </cms:dependencies>

        <!-- current release, must be first for generated mail to work!!! -->
        <cms:activities released-in-version="27.27.27">
            <cms:enh type="ECR" id="ECR 1504">Probe connector extension</cms:enh>
            <cms:enh type="ECR" id="ECR 2000">ECR 2000 YUM and RPM packaging</cms:enh>

        </cms:activities>

        <!-- must not be first, because first "activities" is used by script as "CurrentReleaseActivities" in mail -->
        <!-- current precautions (non fatal) -->
        <cms:activities released-in-version="NOT_FIXED">
            <cms:epr id="44571" uri="http://sbu6rdbug/bugzilla/show_bug.cgi?id=44571">Wrong messages shown in Sequence Diagram for long sessions</cms:epr>
            <cms:epr id="45160" uri="http://sbu6rdbug/bugzilla/show_bug.cgi?id=45160">Wrong value in x stat output</cms:epr>
            <cms:epr id="45051" uri="http://sbu6rdbug/bugzilla/show_bug.cgi?id=45051">qmpa5 sends notify timestamp with year 2106</cms:epr>
        </cms:activities>

        <!-- current precautions (fatal) -->
        <!--
        <cms:activities released-in-version="NOT_FIXED_FATAL">
            <cms:epr id="12345" uri="http://sbu6rdbug/bugzilla/show_bug.cgi?id=12345">fatal crash</cms:epr>
        </cms:activities>
        -->

        <!-- old releases -->

<cms:activities released-in-version="6.2.4">

            <cms:epr id="45041" uri="http://sbu6rdbug/bugzilla/show_bug.cgi?id=45041">S1 IMSI filling was not working</cms:epr>
            <cms:epr id="44973" uri="http://sbu6rdbug/bugzilla/show_bug.cgi?id=44973">GB deciphering not working with LowestLayers=ETH_MAC and qmpa5 belonging to 6.2.x branch</cms:epr>
            <cms:epr id="45219" uri="http://sbu6rdbug/bugzilla/show_bug.cgi?id=45219">2nd Instance on processing probe did not restart after core dump analysis</cms:epr>

</cms:activities>        



    </cms:part-release>

</cms:release>

